<?xml version="1.0" encoding="UTF-8"?>
<!-- Generated by org.testng.reporters.JUnitXMLReporter -->
<testsuite hostname="HP-PC" ignored="0" name="FacebookApp1 Test" tests="1" failures="1" timestamp="20 May 2020 12:23:18 GMT" time="27.282" errors="0">
  <testcase name="loginTest" time="10.379" classname="com.inetbanking.testCases.TC_LoginTest_001">
    <failure type="junit.framework.AssertionFailedError">
      <![CDATA[junit.framework.AssertionFailedError
at junit.framework.Assert.fail(Assert.java:55)
at junit.framework.Assert.assertTrue(Assert.java:22)
at junit.framework.Assert.assertTrue(Assert.java:31)
at com.inetbanking.testCases.TC_LoginTest_001.loginTest(TC_LoginTest_001.java:33)
... Removed 25 stack frames]]>
    </failure>
  </testcase> <!-- loginTest -->
</testsuite> <!-- FacebookApp1 Test -->
