<?xml version="1.0" encoding="UTF-8"?>
<testng-results skipped="0" failed="0" ignored="0" total="1" passed="1">
  <reporter-output>
  </reporter-output>
  <suite name="inetBankingV1" duration-ms="26767" started-at="2020-07-01T10:49:52Z" finished-at="2020-07-01T10:50:19Z">
    <groups>
    </groups>
    <test name="inetBankingV1" duration-ms="26767" started-at="2020-07-01T10:49:52Z" finished-at="2020-07-01T10:50:19Z">
      <class name="com.inetbanking.testCases.TC_LoginTest_001">
        <test-method status="PASS" signature="setup(java.lang.String)[pri:0, instance:com.inetbanking.testCases.TC_LoginTest_001@327471b5]" name="setup" is-config="true" duration-ms="8596" started-at="2020-07-01T10:49:52Z" finished-at="2020-07-01T10:50:01Z">
          <params>
            <param index="0">
              <value>
                <![CDATA[firefox]]>
              </value>
            </param>
          </params>
          <reporter-output>
          </reporter-output>
        </test-method> <!-- setup -->
        <test-method status="PASS" signature="loginTest()[pri:0, instance:com.inetbanking.testCases.TC_LoginTest_001@327471b5]" name="loginTest" duration-ms="17052" started-at="2020-07-01T10:50:01Z" finished-at="2020-07-01T10:50:18Z">
          <reporter-output>
          </reporter-output>
        </test-method> <!-- loginTest -->
        <test-method status="PASS" signature="teardown()[pri:0, instance:com.inetbanking.testCases.TC_LoginTest_001@327471b5]" name="teardown" is-config="true" duration-ms="895" started-at="2020-07-01T10:50:18Z" finished-at="2020-07-01T10:50:19Z">
          <reporter-output>
          </reporter-output>
        </test-method> <!-- teardown -->
      </class> <!-- com.inetbanking.testCases.TC_LoginTest_001 -->
    </test> <!-- inetBankingV1 -->
  </suite> <!-- inetBankingV1 -->
</testng-results>
