<?xml version="1.0" encoding="UTF-8"?>
<testng-results skipped="0" failed="0" ignored="0" total="1" passed="1">
  <reporter-output>
  </reporter-output>
  <suite name="inetBankingV1" duration-ms="22066" started-at="2020-07-01T17:24:12Z" finished-at="2020-07-01T17:24:34Z">
    <groups>
    </groups>
    <test name="inetBankingV1" duration-ms="22066" started-at="2020-07-01T17:24:12Z" finished-at="2020-07-01T17:24:34Z">
      <class name="com.inetbanking.testCases.TC_LoginTest_001">
        <test-method status="PASS" signature="setup(java.lang.String)[pri:0, instance:com.inetbanking.testCases.TC_LoginTest_001@6b2fad11]" name="setup" is-config="true" duration-ms="7813" started-at="2020-07-01T17:24:12Z" finished-at="2020-07-01T17:24:20Z">
          <params>
            <param index="0">
              <value>
                <![CDATA[chrome]]>
              </value>
            </param>
          </params>
          <reporter-output>
          </reporter-output>
        </test-method> <!-- setup -->
        <test-method status="PASS" signature="loginTest()[pri:0, instance:com.inetbanking.testCases.TC_LoginTest_001@6b2fad11]" name="loginTest" duration-ms="13257" started-at="2020-07-01T17:24:20Z" finished-at="2020-07-01T17:24:33Z">
          <reporter-output>
          </reporter-output>
        </test-method> <!-- loginTest -->
        <test-method status="PASS" signature="teardown()[pri:0, instance:com.inetbanking.testCases.TC_LoginTest_001@6b2fad11]" name="teardown" is-config="true" duration-ms="596" started-at="2020-07-01T17:24:33Z" finished-at="2020-07-01T17:24:34Z">
          <reporter-output>
          </reporter-output>
        </test-method> <!-- teardown -->
      </class> <!-- com.inetbanking.testCases.TC_LoginTest_001 -->
    </test> <!-- inetBankingV1 -->
  </suite> <!-- inetBankingV1 -->
</testng-results>
