<?xml version="1.0" encoding="UTF-8"?>
<testng-results skipped="0" failed="0" ignored="0" total="1" passed="1">
  <reporter-output>
  </reporter-output>
  <suite name="inetBankingV1" duration-ms="23578" started-at="2020-07-01T17:14:24Z" finished-at="2020-07-01T17:14:48Z">
    <groups>
    </groups>
    <test name="inetBankingV1" duration-ms="23578" started-at="2020-07-01T17:14:24Z" finished-at="2020-07-01T17:14:48Z">
      <class name="com.inetbanking.testCases.TC_LoginTest_001">
        <test-method status="PASS" signature="setup(java.lang.String)[pri:0, instance:com.inetbanking.testCases.TC_LoginTest_001@6d4b1c02]" name="setup" is-config="true" duration-ms="7631" started-at="2020-07-01T17:14:25Z" finished-at="2020-07-01T17:14:32Z">
          <params>
            <param index="0">
              <value>
                <![CDATA[chrome]]>
              </value>
            </param>
          </params>
          <reporter-output>
          </reporter-output>
        </test-method> <!-- setup -->
        <test-method status="PASS" signature="loginTest()[pri:0, instance:com.inetbanking.testCases.TC_LoginTest_001@6d4b1c02]" name="loginTest" duration-ms="15056" started-at="2020-07-01T17:14:32Z" finished-at="2020-07-01T17:14:47Z">
          <reporter-output>
          </reporter-output>
        </test-method> <!-- loginTest -->
        <test-method status="PASS" signature="teardown()[pri:0, instance:com.inetbanking.testCases.TC_LoginTest_001@6d4b1c02]" name="teardown" is-config="true" duration-ms="605" started-at="2020-07-01T17:14:47Z" finished-at="2020-07-01T17:14:48Z">
          <reporter-output>
          </reporter-output>
        </test-method> <!-- teardown -->
      </class> <!-- com.inetbanking.testCases.TC_LoginTest_001 -->
    </test> <!-- inetBankingV1 -->
  </suite> <!-- inetBankingV1 -->
</testng-results>
