<?xml version="1.0" encoding="UTF-8"?>
<testng-results skipped="0" failed="0" ignored="0" total="2" passed="2">
  <reporter-output>
  </reporter-output>
  <suite name="ChromeBrowser" duration-ms="48934" started-at="2020-07-01T08:07:08Z" finished-at="2020-07-01T08:07:57Z">
    <groups>
    </groups>
    <test name="ChromeBrowser" duration-ms="26514" started-at="2020-07-01T08:07:08Z" finished-at="2020-07-01T08:07:34Z">
      <class name="com.inetbanking.testCases.TC_LoginTest_001">
        <test-method status="PASS" signature="setup(java.lang.String)[pri:0, instance:com.inetbanking.testCases.TC_LoginTest_001@1794d431]" name="setup" is-config="true" duration-ms="9487" started-at="2020-07-01T08:07:08Z" finished-at="2020-07-01T08:07:18Z">
          <params>
            <param index="0">
              <value>
                <![CDATA[chrome]]>
              </value>
            </param>
          </params>
          <reporter-output>
          </reporter-output>
        </test-method> <!-- setup -->
        <test-method status="PASS" signature="loginTest()[pri:0, instance:com.inetbanking.testCases.TC_LoginTest_001@1794d431]" name="loginTest" duration-ms="16204" started-at="2020-07-01T08:07:18Z" finished-at="2020-07-01T08:07:34Z">
          <reporter-output>
          </reporter-output>
        </test-method> <!-- loginTest -->
        <test-method status="PASS" signature="teardown()[pri:0, instance:com.inetbanking.testCases.TC_LoginTest_001@1794d431]" name="teardown" is-config="true" duration-ms="579" started-at="2020-07-01T08:07:34Z" finished-at="2020-07-01T08:07:34Z">
          <reporter-output>
          </reporter-output>
        </test-method> <!-- teardown -->
      </class> <!-- com.inetbanking.testCases.TC_LoginTest_001 -->
    </test> <!-- ChromeBrowser -->
    <test name="InternetExplorerBrowser" duration-ms="22384" started-at="2020-07-01T08:07:34Z" finished-at="2020-07-01T08:07:57Z">
      <class name="com.inetbanking.testCases.TC_LoginTest_001">
        <test-method status="PASS" signature="setup(java.lang.String)[pri:0, instance:com.inetbanking.testCases.TC_LoginTest_001@5bcab519]" name="setup" is-config="true" duration-ms="4839" started-at="2020-07-01T08:07:34Z" finished-at="2020-07-01T08:07:39Z">
          <params>
            <param index="0">
              <value>
                <![CDATA[ie]]>
              </value>
            </param>
          </params>
          <reporter-output>
          </reporter-output>
        </test-method> <!-- setup -->
        <test-method status="PASS" signature="loginTest()[pri:0, instance:com.inetbanking.testCases.TC_LoginTest_001@5bcab519]" name="loginTest" duration-ms="16902" started-at="2020-07-01T08:07:39Z" finished-at="2020-07-01T08:07:56Z">
          <reporter-output>
          </reporter-output>
        </test-method> <!-- loginTest -->
        <test-method status="PASS" signature="teardown()[pri:0, instance:com.inetbanking.testCases.TC_LoginTest_001@5bcab519]" name="teardown" is-config="true" duration-ms="629" started-at="2020-07-01T08:07:56Z" finished-at="2020-07-01T08:07:57Z">
          <reporter-output>
          </reporter-output>
        </test-method> <!-- teardown -->
      </class> <!-- com.inetbanking.testCases.TC_LoginTest_001 -->
    </test> <!-- InternetExplorerBrowser -->
  </suite> <!-- ChromeBrowser -->
</testng-results>
